#
# A fatal error has been detected by the Java Runtime Environment:
#
#  EXCEPTION_ACCESS_VIOLATION (0xc0000005) at pc=0x00007ffc7faa1ed4, pid=9608, tid=13280
#
# JRE version: Java(TM) SE Runtime Environment (8.0_65-b17) (build 1.8.0_65-b17)
# Java VM: Java HotSpot(TM) 64-Bit Server VM (25.65-b01 mixed mode windows-amd64 compressed oops)
# Problematic frame:
# C  [OPENGL32.dll+0xe1ed4]
#
# Failed to write core dump. Minidumps are not enabled by default on client versions of Windows
#
# If you would like to submit a bug report, please visit:
#   http://bugreport.java.com/bugreport/crash.jsp
#

---------------  T H R E A D  ---------------

Current thread (0x0000000021608000):  VMThread [stack: 0x0000000022cb0000,0x0000000022db0000] [id=13280]

siginfo: ExceptionCode=0xc0000005, reading address 0x0000000000000a38

Registers:
RAX=0x0000000000000000, RBX=0x000000003c6b24d0, RCX=0x0000000000000001, RDX=0x000000003c6b24d8
RSP=0x0000000022daf008, RBP=0x0000000000000000, RSI=0x000000003c6b3490, RDI=0x000000003c6b3490
R8 =0x0000000022daf088, R9 =0x00000000214d5400, R10=0x0000000000000042, R11=0x0000000022daec50
R12=0x0000000000000000, R13=0x000000003c6a72a0, R14=0x000000003c6a7150, R15=0x0000000000000000
RIP=0x00007ffc7faa1ed4, EFLAGS=0x0000000000010287

Top of Stack: (sp=0x0000000022daf008)
0x0000000022daf008:   00007ffc6f621a7b 0000000000000001
0x0000000022daf018:   000000003c6b24d8 0000000022daf088
0x0000000022daf028:   00000000214d5400 0000000000000000
0x0000000022daf038:   00007ffc6f627547 000000003c6a0000
0x0000000022daf048:   000000003c6a0000 0000000000000000
0x0000000022daf058:   0000000000000000 fffffffffffffffe
0x0000000022daf068:   0000000022daf0d0 0000000000000000
0x0000000022daf078:   00007ffc6f627c19 000000003c6b3490
0x0000000022daf088:   000000003c6a6990 00007ffc6f7103c0
0x0000000022daf098:   00007ffc6f6a4158 fffffffffffffffe
0x0000000022daf0a8:   000000003c6a7150 0000000000000001
0x0000000022daf0b8:   000000003c6a7278 000000003c6a7150
0x0000000022daf0c8:   00007ffc6f6ac20d 00007ffc6f7e44d0
0x0000000022daf0d8:   00007ffc6f7103b0 00000000214d5400
0x0000000022daf0e8:   0000000021608b40 000000003c6a7278
0x0000000022daf0f8:   000000003c6a7150 000000003c6a7150 

Instructions: (pc=0x00007ffc7faa1ed4)
0x00007ffc7faa1eb4:   cc cc cc cc cc cc 66 0f 1f 44 00 00 8b 05 42 71
0x00007ffc7faa1ec4:   01 00 83 f8 40 73 0f 65 48 8b 04 c5 80 14 00 00
0x00007ffc7faa1ed4:   ff a0 38 0a 00 00 b8 47 01 00 00 e9 ec d4 ff ff
0x00007ffc7faa1ee4:   cc cc cc cc cc cc 66 0f 1f 44 00 00 8b 05 12 71 


Register to memory mapping:

RAX=0x0000000000000000 is an unknown value
RBX=0x000000003c6b24d0 is an unknown value
RCX=0x0000000000000001 is an unknown value
RDX=0x000000003c6b24d8 is an unknown value
RSP=0x0000000022daf008 is an unknown value
RBP=0x0000000000000000 is an unknown value
RSI=0x000000003c6b3490 is an unknown value
RDI=0x000000003c6b3490 is an unknown value
R8 =0x0000000022daf088 is an unknown value
R9 =0x00000000214d5400 is an unknown value
R10=0x0000000000000042 is an unknown value
R11=0x0000000022daec50 is an unknown value
R12=0x0000000000000000 is an unknown value
R13=0x000000003c6a72a0 is an unknown value
R14=0x000000003c6a7150 is an unknown value
R15=0x0000000000000000 is an unknown value


Stack: [0x0000000022cb0000,0x0000000022db0000],  sp=0x0000000022daf008,  free space=1020k
Native frames: (J=compiled Java code, j=interpreted, Vv=VM code, C=native code)

VM_Operation (0x000000000310d890): Exit, mode: safepoint, requested by thread 0x0000000003110800


---------------  P R O C E S S  ---------------

Java Threads: ( => current thread )
  0x0000000024281800 JavaThread "LWJGL Timer" daemon [_thread_blocked, id=8928, stack(0x0000000028730000,0x0000000028830000)]
  0x000000002398a800 JavaThread "Java2D Disposer" daemon [_thread_blocked, id=7068, stack(0x0000000026d50000,0x0000000026e50000)]
  0x00000000248a8000 JavaThread "Timer hack thread" daemon [_thread_blocked, id=11740, stack(0x0000000026f00000,0x0000000027000000)]
  0x000000002760e000 JavaThread "Snooper Timer" daemon [_thread_blocked, id=9864, stack(0x0000000028050000,0x0000000028150000)]
  0x0000000023603800 JavaThread "Service Thread" daemon [_thread_blocked, id=7116, stack(0x0000000023990000,0x0000000023a90000)]
  0x000000002164c800 JavaThread "C1 CompilerThread2" daemon [_thread_blocked, id=12872, stack(0x0000000023490000,0x0000000023590000)]
  0x0000000021649000 JavaThread "C2 CompilerThread1" daemon [_thread_blocked, id=10556, stack(0x0000000023390000,0x0000000023490000)]
  0x0000000021643000 JavaThread "C2 CompilerThread0" daemon [_thread_blocked, id=1104, stack(0x0000000023290000,0x0000000023390000)]
  0x000000002163f800 JavaThread "Attach Listener" daemon [_thread_blocked, id=6332, stack(0x0000000023190000,0x0000000023290000)]
  0x000000002163e000 JavaThread "Signal Dispatcher" daemon [_thread_blocked, id=1292, stack(0x0000000023090000,0x0000000023190000)]
  0x0000000003208800 JavaThread "Finalizer" daemon [_thread_blocked, id=6420, stack(0x0000000022eb0000,0x0000000022fb0000)]
  0x0000000003201000 JavaThread "Reference Handler" daemon [_thread_blocked, id=13024, stack(0x0000000022db0000,0x0000000022eb0000)]
  0x0000000003110800 JavaThread "Client thread" [_thread_blocked, id=7720, stack(0x0000000003010000,0x0000000003110000)]

Other Threads:
=>0x0000000021608000 VMThread [stack: 0x0000000022cb0000,0x0000000022db0000] [id=13280]

VM state:at safepoint (shutting down)

VM Mutex/Monitor currently owned by a thread:  ([mutex/lock_event])
[0x0000000002f9ca00] Threads_lock - owner thread: 0x0000000021608000

Heap:
 PSYoungGen      total 1092096K, used 344810K [0x0000000740000000, 0x0000000792580000, 0x00000007c0000000)
  eden space 1048576K, 28% used [0x0000000740000000,0x000000075263e658,0x0000000780000000)
  from space 43520K, 99% used [0x0000000780000000,0x0000000782a7c420,0x0000000782a80000)
  to   space 60928K, 0% used [0x000000078ea00000,0x000000078ea00000,0x0000000792580000)
 ParOldGen       total 699392K, used 67549K [0x0000000640000000, 0x000000066ab00000, 0x0000000740000000)
  object space 699392K, 9% used [0x0000000640000000,0x00000006441f7490,0x000000066ab00000)
 Metaspace       used 30350K, capacity 30529K, committed 30768K, reserved 1077248K
  class space    used 3765K, capacity 3837K, committed 3888K, reserved 1048576K

Card table byte_map: [0x00000000125d0000,0x00000000131e0000] byte_map_base: 0x000000000f3d0000

Marking Bits: (ParMarkBitMap*) 0x00000000767fa5b0
 Begin Bits: [0x0000000013fe0000, 0x0000000019fe0000)
 End Bits:   [0x0000000019fe0000, 0x000000001ffe0000)

Polling page: 0x0000000002f60000

CodeCache: size=245760Kb used=16549Kb max_used=16549Kb free=229210Kb
 bounds [0x0000000003210000, 0x0000000004290000, 0x0000000012210000]
 total_blobs=4952 nmethods=4265 adapters=597
 compilation: enabled

Compilation events (10 events):
Event: 30.239 Thread 0x000000002164c800 nmethod 5476 0x00000000039c6c10 code [0x00000000039c6d80, 0x00000000039c6f88]
Event: 30.447 Thread 0x000000002164c800 5477       3       org.apache.logging.log4j.core.impl.Log4jLogEvent::<init> (37 bytes)
Event: 30.447 Thread 0x000000002164c800 nmethod 5477 0x00000000033e0250 code [0x00000000033e0400, 0x00000000033e0938]
Event: 30.448 Thread 0x000000002164c800 5478   !   3       org.apache.logging.log4j.core.config.LoggerConfig::log (175 bytes)
Event: 30.449 Thread 0x000000002164c800 nmethod 5478 0x00000000034f4f90 code [0x00000000034f51c0, 0x00000000034f6578]
Event: 30.473 Thread 0x000000002164c800 5479  s    3       java.util.Hashtable::containsKey (65 bytes)
Event: 30.474 Thread 0x000000002164c800 nmethod 5479 0x00000000040d1e10 code [0x00000000040d1fa0, 0x00000000040d25d8]
Event: 30.474 Thread 0x0000000021649000 5481       4       java.util.concurrent.ConcurrentHashMap::containsKey (14 bytes)
Event: 30.474 Thread 0x000000002164c800 5480       3       org.apache.logging.log4j.core.helpers.NameUtil::getSubName (32 bytes)
Event: 30.475 Thread 0x000000002164c800 nmethod 5480 0x0000000003ee66d0 code [0x0000000003ee6860, 0x0000000003ee6df8]

GC Heap History (10 events):
Event: 5.189 GC heap before
{Heap before GC invocations=2 (full 0):
 PSYoungGen      total 305664K, used 298812K [0x0000000740000000, 0x0000000765500000, 0x00000007c0000000)
  eden space 262144K, 100% used [0x0000000740000000,0x0000000750000000,0x0000000750000000)
  from space 43520K, 84% used [0x0000000750000000,0x00000007523cf0c8,0x0000000752a80000)
  to   space 43520K, 0% used [0x0000000762a80000,0x0000000762a80000,0x0000000765500000)
 ParOldGen       total 699392K, used 80K [0x0000000640000000, 0x000000066ab00000, 0x0000000740000000)
  object space 699392K, 0% used [0x0000000640000000,0x0000000640014010,0x000000066ab00000)
 Metaspace       used 18373K, capacity 18610K, committed 18944K, reserved 1067008K
  class space    used 2174K, capacity 2249K, committed 2304K, reserved 1048576K
Event: 5.221 GC heap after
Heap after GC invocations=2 (full 0):
 PSYoungGen      total 567808K, used 43489K [0x0000000740000000, 0x0000000765500000, 0x00000007c0000000)
  eden space 524288K, 0% used [0x0000000740000000,0x0000000740000000,0x0000000760000000)
  from space 43520K, 99% used [0x0000000762a80000,0x00000007654f8698,0x0000000765500000)
  to   space 43520K, 0% used [0x0000000760000000,0x0000000760000000,0x0000000762a80000)
 ParOldGen       total 699392K, used 1470K [0x0000000640000000, 0x000000066ab00000, 0x0000000740000000)
  object space 699392K, 0% used [0x0000000640000000,0x000000064016fb18,0x000000066ab00000)
 Metaspace       used 18373K, capacity 18610K, committed 18944K, reserved 1067008K
  class space    used 2174K, capacity 2249K, committed 2304K, reserved 1048576K
}
Event: 6.049 GC heap before
{Heap before GC invocations=3 (full 0):
 PSYoungGen      total 567808K, used 243905K [0x0000000740000000, 0x0000000765500000, 0x00000007c0000000)
  eden space 524288K, 38% used [0x0000000740000000,0x000000074c3b7dc8,0x0000000760000000)
  from space 43520K, 99% used [0x0000000762a80000,0x00000007654f8698,0x0000000765500000)
  to   space 43520K, 0% used [0x0000000760000000,0x0000000760000000,0x0000000762a80000)
 ParOldGen       total 699392K, used 1470K [0x0000000640000000, 0x000000066ab00000, 0x0000000740000000)
  object space 699392K, 0% used [0x0000000640000000,0x000000064016fb18,0x000000066ab00000)
 Metaspace       used 20941K, capacity 21176K, committed 21296K, reserved 1067008K
  class space    used 2726K, capacity 2826K, committed 2864K, reserved 1048576K
Event: 6.080 GC heap after
Heap after GC invocations=3 (full 0):
 PSYoungGen      total 567808K, used 43511K [0x0000000740000000, 0x0000000785500000, 0x00000007c0000000)
  eden space 524288K, 0% used [0x0000000740000000,0x0000000740000000,0x0000000760000000)
  from space 43520K, 99% used [0x0000000760000000,0x0000000762a7dd58,0x0000000762a80000)
  to   space 43520K, 0% used [0x0000000782a80000,0x0000000782a80000,0x0000000785500000)
 ParOldGen       total 699392K, used 4832K [0x0000000640000000, 0x000000066ab00000, 0x0000000740000000)
  object space 699392K, 0% used [0x0000000640000000,0x00000006404b8328,0x000000066ab00000)
 Metaspace       used 20941K, capacity 21176K, committed 21296K, reserved 1067008K
  class space    used 2726K, capacity 2826K, committed 2864K, reserved 1048576K
}
Event: 6.080 GC heap before
{Heap before GC invocations=4 (full 1):
 PSYoungGen      total 567808K, used 43511K [0x0000000740000000, 0x0000000785500000, 0x00000007c0000000)
  eden space 524288K, 0% used [0x0000000740000000,0x0000000740000000,0x0000000760000000)
  from space 43520K, 99% used [0x0000000760000000,0x0000000762a7dd58,0x0000000762a80000)
  to   space 43520K, 0% used [0x0000000782a80000,0x0000000782a80000,0x0000000785500000)
 ParOldGen       total 699392K, used 4832K [0x0000000640000000, 0x000000066ab00000, 0x0000000740000000)
  object space 699392K, 0% used [0x0000000640000000,0x00000006404b8328,0x000000066ab00000)
 Metaspace       used 20941K, capacity 21176K, committed 21296K, reserved 1067008K
  class space    used 2726K, capacity 2826K, committed 2864K, reserved 1048576K
Event: 6.179 GC heap after
Heap after GC invocations=4 (full 1):
 PSYoungGen      total 567808K, used 0K [0x0000000740000000, 0x0000000785500000, 0x00000007c0000000)
  eden space 524288K, 0% used [0x0000000740000000,0x0000000740000000,0x0000000760000000)
  from space 43520K, 0% used [0x0000000760000000,0x0000000760000000,0x0000000762a80000)
  to   space 43520K, 0% used [0x0000000782a80000,0x0000000782a80000,0x0000000785500000)
 ParOldGen       total 699392K, used 45988K [0x0000000640000000, 0x000000066ab00000, 0x0000000740000000)
  object space 699392K, 6% used [0x0000000640000000,0x0000000642ce91e0,0x000000066ab00000)
 Metaspace       used 20941K, capacity 21176K, committed 21296K, reserved 1067008K
  class space    used 2726K, capacity 2826K, committed 2864K, reserved 1048576K
}
Event: 10.108 GC heap before
{Heap before GC invocations=5 (full 1):
 PSYoungGen      total 567808K, used 524288K [0x0000000740000000, 0x0000000785500000, 0x00000007c0000000)
  eden space 524288K, 100% used [0x0000000740000000,0x0000000760000000,0x0000000760000000)
  from space 43520K, 0% used [0x0000000760000000,0x0000000760000000,0x0000000762a80000)
  to   space 43520K, 0% used [0x0000000782a80000,0x0000000782a80000,0x0000000785500000)
 ParOldGen       total 699392K, used 45988K [0x0000000640000000, 0x000000066ab00000, 0x0000000740000000)
  object space 699392K, 6% used [0x0000000640000000,0x0000000642ce91e0,0x000000066ab00000)
 Metaspace       used 25109K, capacity 25373K, committed 25520K, reserved 1071104K
  class space    used 3136K, capacity 3213K, committed 3248K, reserved 1048576K
Event: 10.159 GC heap after
Heap after GC invocations=5 (full 1):
 PSYoungGen      total 857600K, used 43495K [0x0000000740000000, 0x0000000785500000, 0x00000007c0000000)
  eden space 814080K, 0% used [0x0000000740000000,0x0000000740000000,0x0000000771b00000)
  from space 43520K, 99% used [0x0000000782a80000,0x00000007854f9f78,0x0000000785500000)
  to   space 43520K, 0% used [0x0000000780000000,0x0000000780000000,0x0000000782a80000)
 ParOldGen       total 699392K, used 62979K [0x0000000640000000, 0x000000066ab00000, 0x0000000740000000)
  object space 699392K, 9% used [0x0000000640000000,0x0000000643d80c90,0x000000066ab00000)
 Metaspace       used 25109K, capacity 25373K, committed 25520K, reserved 1071104K
  class space    used 3136K, capacity 3213K, committed 3248K, reserved 1048576K
}
Event: 16.405 GC heap before
{Heap before GC invocations=6 (full 1):
 PSYoungGen      total 857600K, used 857575K [0x0000000740000000, 0x0000000785500000, 0x00000007c0000000)
  eden space 814080K, 100% used [0x0000000740000000,0x0000000771b00000,0x0000000771b00000)
  from space 43520K, 99% used [0x0000000782a80000,0x00000007854f9f78,0x0000000785500000)
  to   space 43520K, 0% used [0x0000000780000000,0x0000000780000000,0x0000000782a80000)
 ParOldGen       total 699392K, used 62979K [0x0000000640000000, 0x000000066ab00000, 0x0000000740000000)
  object space 699392K, 9% used [0x0000000640000000,0x0000000643d80c90,0x000000066ab00000)
 Metaspace       used 29608K, capacity 29851K, committed 30256K, reserved 1075200K
  class space    used 3704K, capacity 3804K, committed 3888K, reserved 1048576K
Event: 16.448 GC heap after
Heap after GC invocations=6 (full 1):
 PSYoungGen      total 1092096K, used 43505K [0x0000000740000000, 0x0000000792580000, 0x00000007c0000000)
  eden space 1048576K, 0% used [0x0000000740000000,0x0000000740000000,0x0000000780000000)
  from space 43520K, 99% used [0x0000000780000000,0x0000000782a7c420,0x0000000782a80000)
  to   space 60928K, 0% used [0x000000078ea00000,0x000000078ea00000,0x0000000792580000)
 ParOldGen       total 699392K, used 67549K [0x0000000640000000, 0x000000066ab00000, 0x0000000740000000)
  object space 699392K, 9% used [0x0000000640000000,0x00000006441f7490,0x000000066ab00000)
 Metaspace       used 29608K, capacity 29851K, committed 30256K, reserved 1075200K
  class space    used 3704K, capacity 3804K, committed 3888K, reserved 1048576K
}

Deoptimization events (10 events):
Event: 22.261 Thread 0x0000000003110800 Uncommon trap: reason=unstable_if action=reinterpret pc=0x0000000003cc8620 method=java.net.URL.<init>(Ljava/net/URL;Ljava/lang/String;Ljava/net/URLStreamHandler;)V @ 30
Event: 22.261 Thread 0x0000000003110800 Uncommon trap: reason=unstable_if action=reinterpret pc=0x0000000004098ffc method=java.net.URLStreamHandler.parseURL(Ljava/net/URL;Ljava/lang/String;II)V @ 143
Event: 22.325 Thread 0x0000000023915000 Uncommon trap: reason=unstable_if action=reinterpret pc=0x00000000039f8b90 method=com.jcraft.jogg.Buffer.read(I)I @ 23
Event: 23.094 Thread 0x0000000003110800 Uncommon trap: reason=unstable_if action=reinterpret pc=0x00000000041a86e8 method=sun.awt.image.ByteInterleavedRaster.setDataElements(IIIIIILjava/awt/image/Raster;)V @ 54
Event: 23.094 Thread 0x0000000003110800 Uncommon trap: reason=unstable_if action=reinterpret pc=0x00000000040d9718 method=sun.awt.image.ByteInterleavedRaster.setDataElements(IIIIIILjava/awt/image/Raster;)V @ 54
Event: 23.097 Thread 0x0000000003110800 Uncommon trap: reason=class_check action=maybe_recompile pc=0x0000000004018bb8 method=java.awt.image.BufferedImage.getRGB(IIII[III)[I @ 205
Event: 23.097 Thread 0x0000000003110800 Uncommon trap: reason=class_check action=maybe_recompile pc=0x0000000003e76b14 method=java.awt.image.BufferedImage.getRGB(IIII[III)[I @ 205
Event: 28.469 Thread 0x0000000003110800 Uncommon trap: reason=unstable_if action=reinterpret pc=0x0000000003992c14 method=net.minecraft.client.gui.FontRenderer.func_78263_a(C)I @ 4
Event: 28.469 Thread 0x0000000003110800 Uncommon trap: reason=unstable_if action=reinterpret pc=0x000000000343f824 method=net.minecraft.client.gui.FontRenderer.func_78263_a(C)I @ 4
Event: 30.472 Thread 0x0000000003110800 Uncommon trap: reason=unstable_if action=reinterpret pc=0x000000000363cc3c method=cpw.mods.fml.relauncher.FMLSecurityManager.checkPermission(Ljava/security/Permission;)V @ 23

Internal exceptions (10 events):
Event: 23.085 Thread 0x0000000023915000 Exception <a 'java/lang/InterruptedException': sleep interrupted> (0x000000074d5afdf8) thrown at [C:\workspace\8-2-build-windows-amd64-cygwin\jdk8u65\4987\hotspot\src\share\vm\prims\jvm.cpp, line 3167]
Event: 24.069 Thread 0x0000000023915000 Exception <a 'java/lang/InterruptedException': sleep interrupted> (0x000000074d5b0050) thrown at [C:\workspace\8-2-build-windows-amd64-cygwin\jdk8u65\4987\hotspot\src\share\vm\prims\jvm.cpp, line 3215]
Event: 28.468 Thread 0x0000000023915000 Exception <a 'java/lang/InterruptedException': sleep interrupted> (0x000000074d5b02a8) thrown at [C:\workspace\8-2-build-windows-amd64-cygwin\jdk8u65\4987\hotspot\src\share\vm\prims\jvm.cpp, line 3215]
Event: 28.469 Thread 0x0000000023915000 Exception <a 'java/lang/InterruptedException': sleep interrupted> (0x000000074d5b1110) thrown at [C:\workspace\8-2-build-windows-amd64-cygwin\jdk8u65\4987\hotspot\src\share\vm\prims\jvm.cpp, line 3167]
Event: 29.435 Thread 0x0000000023915000 Exception <a 'java/lang/InterruptedException': sleep interrupted> (0x000000074d5b1368) thrown at [C:\workspace\8-2-build-windows-amd64-cygwin\jdk8u65\4987\hotspot\src\share\vm\prims\jvm.cpp, line 3215]
Event: 30.201 Thread 0x0000000023915000 Exception <a 'java/lang/InterruptedException': sleep interrupted> (0x000000074d5b15c0) thrown at [C:\workspace\8-2-build-windows-amd64-cygwin\jdk8u65\4987\hotspot\src\share\vm\prims\jvm.cpp, line 3215]
Event: 30.201 Thread 0x0000000023915000 Exception <a 'java/lang/InterruptedException': sleep interrupted> (0x000000074d5b23f0) thrown at [C:\workspace\8-2-build-windows-amd64-cygwin\jdk8u65\4987\hotspot\src\share\vm\prims\jvm.cpp, line 3167]
Event: 30.236 Thread 0x0000000023915000 Exception <a 'java/lang/InterruptedException': sleep interrupted> (0x000000074d5b2648) thrown at [C:\workspace\8-2-build-windows-amd64-cygwin\jdk8u65\4987\hotspot\src\share\vm\prims\jvm.cpp, line 3215]
Event: 30.237 Thread 0x0000000023915000 Exception <a 'java/lang/InterruptedException': sleep interrupted> (0x000000074d5b28a0) thrown at [C:\workspace\8-2-build-windows-amd64-cygwin\jdk8u65\4987\hotspot\src\share\vm\prims\jvm.cpp, line 3215]
Event: 30.337 Thread 0x0000000023d25800 Exception <a 'java/lang/InterruptedException': sleep interrupted> (0x00000007508cb138) thrown at [C:\workspace\8-2-build-windows-amd64-cygwin\jdk8u65\4987\hotspot\src\share\vm\prims\jvm.cpp, line 3215]

Events (10 events):
Event: 30.474 Thread 0x00000000274b6000 Thread exited: 0x00000000274b6000
Event: 30.474 Thread 0x0000000023915000 Thread exited: 0x0000000023915000
Event: 30.474 loading class javax/servlet/ServletContext
Event: 30.474 loading class javax/servlet/ServletContext done
Event: 30.474 loading class javax/servlet/ServletContext
Event: 30.474 loading class javax/servlet/ServletContext done
Event: 30.475 Thread 0x000000002164c800 flushing nmethod 0x0000000003536e50
Event: 30.478 Thread 0x0000000023d25800 Thread exited: 0x0000000023d25800
Event: 30.478 Thread 0x0000000036642800 Thread exited: 0x0000000036642800
Event: 30.478 Executing VM operation: Exit


Dynamic libraries:
0x00007ff7b1600000 - 0x00007ff7b1637000 	C:\ProgramData\Oracle\Java\javapath\java.exe
0x00007ffc9b7d0000 - 0x00007ffc9b991000 	C:\WINDOWS\SYSTEM32\ntdll.dll
0x00007ffc99470000 - 0x00007ffc9951d000 	C:\WINDOWS\system32\KERNEL32.DLL
0x00007ffc989e0000 - 0x00007ffc98bbd000 	C:\WINDOWS\system32\KERNELBASE.dll
0x00007ffc9b380000 - 0x00007ffc9b426000 	C:\WINDOWS\system32\ADVAPI32.dll
0x00007ffc99af0000 - 0x00007ffc99b8d000 	C:\WINDOWS\system32\msvcrt.dll
0x00007ffc98f80000 - 0x00007ffc98fdb000 	C:\WINDOWS\system32\sechost.dll
0x00007ffc996b0000 - 0x00007ffc997d6000 	C:\WINDOWS\system32\RPCRT4.dll
0x00007ffc99d00000 - 0x00007ffc99e4e000 	C:\WINDOWS\system32\USER32.dll
0x00007ffc99520000 - 0x00007ffc996a6000 	C:\WINDOWS\system32\GDI32.dll
0x00007ffc8d500000 - 0x00007ffc8d774000 	C:\WINDOWS\WinSxS\amd64_microsoft.windows.common-controls_6595b64144ccf1df_6.0.10240.16384_none_f41f7b285750ef43\COMCTL32.dll
0x00007ffc99430000 - 0x00007ffc99466000 	C:\WINDOWS\system32\IMM32.DLL
0x00007ffc99b90000 - 0x00007ffc99cec000 	C:\WINDOWS\system32\MSCTF.dll
0x0000000076880000 - 0x0000000076952000 	C:\Program Files\Java\jre1.8.0_65\bin\msvcr100.dll
0x0000000075ff0000 - 0x0000000076879000 	C:\Program Files\Java\jre1.8.0_65\bin\server\jvm.dll
0x00007ffc99cf0000 - 0x00007ffc99cf8000 	C:\WINDOWS\system32\PSAPI.DLL
0x00007ffc92730000 - 0x00007ffc92739000 	C:\WINDOWS\SYSTEM32\WSOCK32.dll
0x00007ffc96800000 - 0x00007ffc9680a000 	C:\WINDOWS\SYSTEM32\VERSION.dll
0x00007ffc96cb0000 - 0x00007ffc96cd3000 	C:\WINDOWS\SYSTEM32\WINMM.dll
0x00007ffc991b0000 - 0x00007ffc99219000 	C:\WINDOWS\system32\WS2_32.dll
0x00007ffc98ea0000 - 0x00007ffc98ea8000 	C:\WINDOWS\system32\NSI.dll
0x00007ffc95de0000 - 0x00007ffc95e0c000 	C:\WINDOWS\SYSTEM32\WINMMBASE.dll
0x00007ffc982a0000 - 0x00007ffc982e4000 	C:\WINDOWS\system32\cfgmgr32.dll
0x00007ffc97ef0000 - 0x00007ffc97f17000 	C:\WINDOWS\SYSTEM32\DEVOBJ.dll
0x0000000075fe0000 - 0x0000000075fef000 	C:\Program Files\Java\jre1.8.0_65\bin\verify.dll
0x0000000075fb0000 - 0x0000000075fd9000 	C:\Program Files\Java\jre1.8.0_65\bin\java.dll
0x0000000075f90000 - 0x0000000075fa6000 	C:\Program Files\Java\jre1.8.0_65\bin\zip.dll
0x00007ffc99e50000 - 0x00007ffc9b372000 	C:\WINDOWS\system32\SHELL32.dll
0x00007ffc983b0000 - 0x00007ffc989d8000 	C:\WINDOWS\system32\windows.storage.dll
0x00007ffc997e0000 - 0x00007ffc99a5c000 	C:\WINDOWS\system32\combase.dll
0x00007ffc99a90000 - 0x00007ffc99ae1000 	C:\WINDOWS\system32\shlwapi.dll
0x00007ffc98240000 - 0x00007ffc9824f000 	C:\WINDOWS\system32\kernel.appcore.dll
0x00007ffc982f0000 - 0x00007ffc983a3000 	C:\WINDOWS\system32\shcore.dll
0x00007ffc98250000 - 0x00007ffc9829a000 	C:\WINDOWS\system32\powrprof.dll
0x00007ffc98220000 - 0x00007ffc98233000 	C:\WINDOWS\system32\profapi.dll
0x0000000075df0000 - 0x0000000075f88000 	C:\Program Files\Java\jre1.8.0_65\bin\awt.dll
0x00007ffc9b710000 - 0x00007ffc9b7ce000 	C:\WINDOWS\system32\OLEAUT32.dll
0x00007ffc95f00000 - 0x00007ffc95f78000 	C:\WINDOWS\system32\apphelp.dll
0x0000000075de0000 - 0x0000000075ded000 	C:\Program Files\Java\jre1.8.0_65\bin\management.dll
0x0000000075dc0000 - 0x0000000075dda000 	C:\Program Files\Java\jre1.8.0_65\bin\net.dll
0x00007ffc97760000 - 0x00007ffc977bd000 	C:\WINDOWS\system32\mswsock.dll
0x0000000075da0000 - 0x0000000075db1000 	C:\Program Files\Java\jre1.8.0_65\bin\nio.dll
0x00007ffc8f700000 - 0x00007ffc8f715000 	C:\WINDOWS\system32\napinsp.dll
0x00007ffc8f720000 - 0x00007ffc8f73a000 	C:\WINDOWS\system32\pnrpnsp.dll
0x00007ffc954f0000 - 0x00007ffc95508000 	C:\WINDOWS\system32\NLAapi.dll
0x00007ffc97560000 - 0x00007ffc97608000 	C:\WINDOWS\SYSTEM32\DNSAPI.dll
0x00007ffc8f740000 - 0x00007ffc8f74d000 	C:\WINDOWS\System32\winrnr.dll
0x00007ffc913f0000 - 0x00007ffc913fa000 	C:\Windows\System32\rasadhlp.dll
0x00007ffc969d0000 - 0x00007ffc96a08000 	C:\WINDOWS\SYSTEM32\IPHLPAPI.DLL
0x00007ffc96960000 - 0x00007ffc9696b000 	C:\WINDOWS\SYSTEM32\WINNSI.DLL
0x00007ffc92c00000 - 0x00007ffc92c68000 	C:\WINDOWS\System32\fwpuclnt.dll
0x00007ffc98090000 - 0x00007ffc980b8000 	C:\WINDOWS\SYSTEM32\bcrypt.dll
0x0000000075d80000 - 0x0000000075d97000 	C:\Program Files\Java\jre1.8.0_65\bin\unpack.dll
0x0000000180000000 - 0x0000000180051000 	C:\Users\Simon\OneDrive\FTB\MultiMC\instances\1.7.10\natives\lwjgl64.dll
0x00007ffc7f9c0000 - 0x00007ffc7fae8000 	C:\WINDOWS\SYSTEM32\OPENGL32.dll
0x00007ffc7f990000 - 0x00007ffc7f9be000 	C:\WINDOWS\SYSTEM32\GLU32.dll
0x00007ffc77670000 - 0x00007ffc77766000 	C:\WINDOWS\SYSTEM32\DDRAW.dll
0x00007ffc840e0000 - 0x00007ffc840e8000 	C:\WINDOWS\SYSTEM32\DCIMAN32.dll
0x00007ffc977c0000 - 0x00007ffc977d7000 	C:\WINDOWS\SYSTEM32\CRYPTSP.dll
0x00007ffc97410000 - 0x00007ffc97443000 	C:\WINDOWS\system32\rsaenh.dll
0x00007ffc97540000 - 0x00007ffc9755f000 	C:\WINDOWS\SYSTEM32\USERENV.dll
0x00007ffc98020000 - 0x00007ffc9808b000 	C:\WINDOWS\system32\bcryptprimitives.dll
0x00007ffc97930000 - 0x00007ffc9793b000 	C:\WINDOWS\SYSTEM32\CRYPTBASE.dll
0x00007ffc92b90000 - 0x00007ffc92ba6000 	C:\WINDOWS\SYSTEM32\dhcpcsvc6.DLL
0x00007ffc92b20000 - 0x00007ffc92b3a000 	C:\WINDOWS\SYSTEM32\dhcpcsvc.DLL
0x00007ffc961e0000 - 0x00007ffc96276000 	C:\WINDOWS\system32\uxtheme.dll
0x00007ffc7e6f0000 - 0x00007ffc7e718000 	C:\Program Files (x86)\Raptr\ltc_help64-103398.dll
0x00007ffc98e40000 - 0x00007ffc98e94000 	C:\WINDOWS\system32\WINTRUST.dll
0x00007ffc98200000 - 0x00007ffc98211000 	C:\WINDOWS\system32\MSASN1.dll
0x00007ffc98bc0000 - 0x00007ffc98d81000 	C:\WINDOWS\system32\CRYPT32.dll
0x00007ffc96d50000 - 0x00007ffc96d72000 	C:\WINDOWS\system32\dwmapi.dll
0x00007ffc8d780000 - 0x00007ffc8d798000 	C:\WINDOWS\SYSTEM32\atig6pxx.dll
0x0000000073f80000 - 0x0000000075d7d000 	C:\WINDOWS\SYSTEM32\atio6axx.dll
0x00007ffc98fe0000 - 0x00007ffc991a5000 	C:\WINDOWS\system32\SETUPAPI.dll
0x00007ffc78350000 - 0x00007ffc78491000 	C:\WINDOWS\SYSTEM32\atiadlxx.dll
0x00007ffc9b510000 - 0x00007ffc9b651000 	C:\WINDOWS\system32\ole32.dll
0x00007ffc95c50000 - 0x00007ffc95dd3000 	C:\WINDOWS\SYSTEM32\PROPSYS.dll
0x00007ffc95e10000 - 0x00007ffc95e23000 	C:\WINDOWS\SYSTEM32\WTSAPI32.dll
0x00007ffc7f960000 - 0x00007ffc7f98c000 	C:\WINDOWS\SYSTEM32\atig6txx.dll
0x00007ffc72030000 - 0x00007ffc720c1000 	C:\WINDOWS\SYSTEM32\mscms.dll
0x00007ffc7ea90000 - 0x00007ffc7ead2000 	C:\WINDOWS\SYSTEM32\icm32.dll
0x0000000070a40000 - 0x0000000070adc000 	C:\Users\Simon\OneDrive\FTB\MultiMC\instances\1.7.10\natives\avutil-ttv-51.dll
0x0000000065980000 - 0x00000000659d6000 	C:\Users\Simon\OneDrive\FTB\MultiMC\instances\1.7.10\natives\swresample-ttv-0.dll
0x000000006eb80000 - 0x000000006ec50000 	C:\Users\Simon\OneDrive\FTB\MultiMC\instances\1.7.10\natives\libmp3lame-ttv.dll
0x00007ffc69e30000 - 0x00007ffc6b1d4000 	C:\Users\Simon\OneDrive\FTB\MultiMC\instances\1.7.10\natives\libmfxsw64.dll
0x00007ffc76bb0000 - 0x00007ffc76cdb000 	C:\Users\Simon\OneDrive\FTB\MultiMC\instances\1.7.10\natives\twitchsdk.dll
0x00007ffc8a800000 - 0x00007ffc8aaa7000 	C:\WINDOWS\SYSTEM32\WININET.dll
0x0000000028830000 - 0x0000000028894000 	C:\Users\Simon\OneDrive\FTB\MultiMC\instances\1.7.10\natives\OpenAL64.dll
0x00007ffc9b660000 - 0x00007ffc9b705000 	C:\WINDOWS\system32\clbcatq.dll
0x00007ffc94280000 - 0x00007ffc942f2000 	C:\WINDOWS\System32\MMDevApi.dll
0x00007ffc8ca80000 - 0x00007ffc8cb1c000 	C:\WINDOWS\SYSTEM32\dsound.dll
0x00007ffc80650000 - 0x00007ffc806d5000 	C:\WINDOWS\SYSTEM32\AUDIOSES.DLL
0x00007ffc94100000 - 0x00007ffc94231000 	C:\WINDOWS\SYSTEM32\wintypes.dll
0x00007ffc99a70000 - 0x00007ffc99a8c000 	C:\WINDOWS\system32\imagehlp.dll
0x00007ffc96820000 - 0x00007ffc96843000 	C:\WINDOWS\SYSTEM32\gpapi.dll
0x00007ffc8a120000 - 0x00007ffc8a14f000 	C:\Windows\System32\cryptnet.dll
0x00007ffc98f20000 - 0x00007ffc98f7b000 	C:\WINDOWS\system32\WLDAP32.dll
0x00007ffc6f5c0000 - 0x00007ffc6f806000 	C:\PROGRA~2\Raptr\ltc_game64-103398.dll
0x00007ffc8b500000 - 0x00007ffc8b68a000 	C:\WINDOWS\SYSTEM32\dbghelp.dll

VM Arguments:
jvm_args: -XX:HeapDumpPath=MojangTricksIntelDriversForPerformance_javaw.exe_minecraft.exe.heapdump -Xms1024m -Xmx6144m -Duser.language=en 
java_command: C:/Users/Simon/OneDrive/FTB/MultiMC/jars/NewLaunch.jar
java_class_path (initial): C:/Users/Simon/OneDrive/FTB/MultiMC/jars/NewLaunch.jar
Launcher Type: SUN_STANDARD

Environment Variables:
PATH=C:\ProgramData\Oracle\Java\javapath;C:\WINDOWS\system32;C:\WINDOWS;C:\WINDOWS\System32\Wbem;C:\WINDOWS\System32\WindowsPowerShell\v1.0\;C:\Program Files (x86)\ATI Technologies\ATI.ACE\Core-Static;C:\Program Files (x86)\AMD\ATI.ACE\Core-Static;C:\Program Files\Microsoft SQL Server\110\Tools\Binn\;C:\Program Files (x86)\Windows Kits\8.1\Windows Performance Toolkit\;C:\Program Files (x86)\Microsoft SDKs\TypeScript\1.0\
USERNAME=Simon
OS=Windows_NT
PROCESSOR_IDENTIFIER=AMD64 Family 16 Model 10 Stepping 0, AuthenticAMD



---------------  S Y S T E M  ---------------

OS: Windows 10.0 , 64 bit Build 10240 (10.0.10240.16384)

CPU:total 6 (6 cores per cpu, 1 threads per core) family 16 model 10 stepping 0, cmov, cx8, fxsr, mmx, sse, sse2, sse3, popcnt, mmxext, 3dnowpref, lzcnt, sse4a, tsc, tscinvbit, tscinv

Memory: 4k page, physical 8385048k(4157236k free), swap 9695768k(3654044k free)

vm_info: Java HotSpot(TM) 64-Bit Server VM (25.65-b01) for windows-amd64 JRE (1.8.0_65-b17), built on Oct  6 2015 16:39:20 by "java_re" with MS VC++ 10.0 (VS2010)

time: Sat Oct 31 17:12:56 2015
elapsed time: 30 seconds (0d 0h 0m 30s)

